OpenLane 9accacfc19f9c26ad094e2f7143b53d2cb6a859a
All rights reserved. (c) 2020-2022 Efabless Corporation and contributors.
Available under the Apache License, version 2.0. See the LICENSE file for more details.

[INFO]: Using design configuration at /openlane/designs/snail_moore_fsm/config.tcl
[INFO]: Sourcing Configurations from /openlane/designs/snail_moore_fsm/config.tcl
[INFO]: PDKs root directory: /home/panchul/github/OpenLane/pdks
[INFO]: PDK: sky130A
[INFO]: Setting PDKPATH to /home/panchul/github/OpenLane/pdks/sky130A
[INFO]: Standard Cell Library: sky130_fd_sc_hd
[INFO]: Optimization Standard Cell Library is set to: sky130_fd_sc_hd
[INFO]: Sourcing Configurations from /openlane/designs/snail_moore_fsm/config.tcl
[INFO]: Current run directory is /openlane/designs/snail_moore_fsm/runs/RUN_2022.07.24_07.06.06
[INFO]: Preparing LEF files for the nom corner...
[INFO]: Preparing LEF files for the min corner...
[INFO]: Preparing LEF files for the max corner...
[STEP 1]
[INFO]: Running Synthesis...
[STEP 2]
[INFO]: Running Single-Corner Static Timing Analysis...
[STEP 3]
[INFO]: Running Initial Floorplanning...
[WARNING]: Current core area is too small for a power grid. The power grid will be minimized.
[INFO]: Extracting core dimensions...
[INFO]: Set CORE_WIDTH to 88.78, CORE_HEIGHT to 76.16.
[STEP 4]
[INFO]: Running IO Placement...
[STEP 5]
[INFO]: Running Tap/Decap Insertion...
[INFO]: Power planning with power {VPWR} and ground {VGND}...
[STEP 6]
[INFO]: Generating PDN...
[STEP 7]
[INFO]: Running Global Placement...
[STEP 8]
[INFO]: Running Placement Resizer Design Optimizations...
[STEP 9]
[INFO]: Writing Verilog...
[STEP 10]
[INFO]: Running Detailed Placement...
[STEP 11]
[INFO]: Running Clock Tree Synthesis...
[STEP 12]
[INFO]: Writing Verilog...
[STEP 13]
[INFO]: Running Placement Resizer Timing Optimizations...
[STEP 14]
[INFO]: Writing Verilog...
[INFO]: Routing...
[STEP 15]
[INFO]: Running Global Routing Resizer Timing Optimizations...
[STEP 16]
[INFO]: Writing Verilog...
[STEP 17]
[INFO]: Running Detailed Placement...
[STEP 18]
[INFO]: Running Global Routing...
[INFO]: Starting FastRoute Antenna Repair Iterations...
[STEP 19]
[INFO]: Running Fill Insertion...
[STEP 20]
[INFO]: Writing Verilog...
[STEP 21]
[INFO]: Running Detailed Routing...
[INFO]: No DRC violations after detailed routing.
[STEP 22]
[INFO]: Writing Verilog...
[INFO]: Running parasitics-based static timing analysis...
[STEP 23]
[INFO]: Running SPEF Extraction at the min process corner...
[STEP 24]
[INFO]: Running Multi-Corner Static Timing Analysis at the min process corner...
[STEP 25]
[INFO]: Running SPEF Extraction at the max process corner...
[STEP 26]
[INFO]: Running Multi-Corner Static Timing Analysis at the max process corner...
[STEP 27]
[INFO]: Running SPEF Extraction at the nom process corner...
[STEP 28]
[INFO]: Running Single-Corner Static Timing Analysis at the nom process corner...
[STEP 29]
[INFO]: Running Multi-Corner Static Timing Analysis at the nom process corner...
[STEP 30]
[INFO]: Running Magic to generate various views...
[INFO]: Streaming out GDS-II with Magic...
[INFO]: Generating MAGLEF views...
[STEP 31]
[INFO]: Streaming out GDS-II with Klayout...
[STEP 32]
[INFO]: Running XOR on the layouts using Klayout...
[STEP 33]
[INFO]: Running Magic Spice Export from LEF...
[STEP 34]
[INFO]: Writing Powered Verilog...
[STEP 35]
[INFO]: Writing Verilog...
[STEP 36]
[INFO]: Running LEF LVS...
[STEP 37]
[INFO]: Running Magic DRC...
[INFO]: Converting Magic DRC Violations to Magic Readable Format...
[INFO]: Converting Magic DRC Violations to Klayout XML Database...
[INFO]: No DRC violations after GDS streaming out.
[INFO]: Running Antenna Checks...
[STEP 38]
[INFO]: Running OpenROAD Antenna Rule Checker...
[STEP 39]
[INFO]: Running CVC...
[INFO]: Saving current set of views in 'designs/snail_moore_fsm/runs/RUN_2022.07.24_07.06.06/results/final'...
[INFO]: Saving runtime environment...
[INFO]: Generating final set of reports...
[INFO]: Created manufacturability report at 'designs/snail_moore_fsm/runs/RUN_2022.07.24_07.06.06/reports/manufacturability.rpt'.
[INFO]: Created metrics report at 'designs/snail_moore_fsm/runs/RUN_2022.07.24_07.06.06/reports/metrics.csv'.
[INFO]: There are no max slew violations in the design at the typical corner.
[INFO]: There are no hold violations in the design at the typical corner.
[ERROR]: There are setup violations in the design at the typical corner. Please refer to 'designs/snail_moore_fsm/runs/RUN_2022.07.24_07.06.06/reports/signoff/28-rcx_sta.max.rpt'.                                                                                                                                             
[INFO]: Saving current set of views in 'designs/snail_moore_fsm/runs/RUN_2022.07.24_07.06.06/results/final'...
[INFO]: Generating final set of reports...
[INFO]: Created manufacturability report at 'designs/snail_moore_fsm/runs/RUN_2022.07.24_07.06.06/reports/manufacturability.rpt'.
[INFO]: Created metrics report at 'designs/snail_moore_fsm/runs/RUN_2022.07.24_07.06.06/reports/metrics.csv'.
[INFO]: Saving runtime environment...
[ERROR]: Flow failed.
[INFO]: The failure may have been because of the following warnings:
[WARNING]: Current core area is too small for a power grid. The power grid will be minimized.


    while executing
"flow_fail"
    (procedure "check_setup_violations" line 18)
    invoked from within
"check_setup_violations -report_file $setup_report -corner "typical" -quit_on_vios [expr $::env(QUIT_ON_TIMING_VIOLATIONS) && $::env(QUIT_ON_HOLD_VIOLA..."
    (procedure "check_timing_violations" line 16)
    invoked from within
"check_timing_violations"
    (procedure "run_non_interactive_mode" line 86)
    invoked from within
"run_non_interactive_mode {*}$argv"
    invoked from within
"if { [info exists flags_map(-interactive)] || [info exists flags_map(-it)] } {
    if { [info exists arg_values(-file)] } {
        run_file [file nor..."
    (file "./flow.tcl" line 389)
