
===========================================================================
report_checks -unconstrained
============================================================================

======================= Slowest Corner ===================================

Startpoint: _10_ (rising edge-triggered flip-flop clocked by clk)
Endpoint: _10_ (rising edge-triggered flip-flop clocked by clk)
Path Group: clk
Path Type: max
Corner: ss

Fanout     Cap    Slew   Delay    Time   Description
-----------------------------------------------------------------------------
                          0.00    0.00   clock clk (rise edge)
                          0.00    0.00   clock source latency
                  0.13    0.09    0.09 ^ clk (in)
     1    0.02                           clk (net)
                  0.13    0.00    0.09 ^ clkbuf_0_clk/A (sky130_fd_sc_hd__clkbuf_16)
                  0.07    0.26    0.35 ^ clkbuf_0_clk/X (sky130_fd_sc_hd__clkbuf_16)
     2    0.02                           clknet_0_clk (net)
                  0.07    0.00    0.35 ^ clkbuf_1_1__f_clk/A (sky130_fd_sc_hd__clkbuf_16)
                  0.05    0.20    0.55 ^ clkbuf_1_1__f_clk/X (sky130_fd_sc_hd__clkbuf_16)
     1    0.00                           clknet_1_1__leaf_clk (net)
                  0.05    0.00    0.55 ^ _10_/CLK (sky130_fd_sc_hd__dfxtp_2)
                  0.07    0.65    1.20 v _10_/Q (sky130_fd_sc_hd__dfxtp_2)
     2    0.01                           net4 (net)
                  0.07    0.00    1.20 v rebuffer1/A (sky130_fd_sc_hd__dlygate4sd1_1)
                  0.06    0.50    1.70 v rebuffer1/X (sky130_fd_sc_hd__dlygate4sd1_1)
     1    0.00                           net5 (net)
                  0.06    0.00    1.70 v _09_/A1 (sky130_fd_sc_hd__a21o_1)
                  0.06    0.29    1.99 v _09_/X (sky130_fd_sc_hd__a21o_1)
     1    0.00                           _00_ (net)
                  0.06    0.00    1.99 v _10_/D (sky130_fd_sc_hd__dfxtp_2)
                                  1.99   data arrival time

                          1.00    1.00   clock clk (rise edge)
                          0.00    1.00   clock source latency
                  0.13    0.08    1.08 ^ clk (in)
     1    0.02                           clk (net)
                  0.13    0.00    1.08 ^ clkbuf_0_clk/A (sky130_fd_sc_hd__clkbuf_16)
                  0.07    0.23    1.32 ^ clkbuf_0_clk/X (sky130_fd_sc_hd__clkbuf_16)
     2    0.02                           clknet_0_clk (net)
                  0.07    0.00    1.32 ^ clkbuf_1_1__f_clk/A (sky130_fd_sc_hd__clkbuf_16)
                  0.05    0.18    1.50 ^ clkbuf_1_1__f_clk/X (sky130_fd_sc_hd__clkbuf_16)
     1    0.00                           clknet_1_1__leaf_clk (net)
                  0.05    0.00    1.50 ^ _10_/CLK (sky130_fd_sc_hd__dfxtp_2)
                         -0.25    1.25   clock uncertainty
                          0.05    1.30   clock reconvergence pessimism
                         -0.28    1.03   library setup time
                                  1.03   data required time
-----------------------------------------------------------------------------
                                  1.03   data required time
                                 -1.99   data arrival time
-----------------------------------------------------------------------------
                                 -0.97   slack (VIOLATED)



======================= Typical Corner ===================================

Startpoint: _10_ (rising edge-triggered flip-flop clocked by clk)
Endpoint: y (output port clocked by clk)
Path Group: clk
Path Type: max
Corner: tt

Fanout     Cap    Slew   Delay    Time   Description
-----------------------------------------------------------------------------
                          0.00    0.00   clock clk (rise edge)
                          0.00    0.00   clock source latency
                  0.08    0.06    0.06 ^ clk (in)
     1    0.02                           clk (net)
                  0.08    0.00    0.06 ^ clkbuf_0_clk/A (sky130_fd_sc_hd__clkbuf_16)
                  0.04    0.14    0.20 ^ clkbuf_0_clk/X (sky130_fd_sc_hd__clkbuf_16)
     2    0.02                           clknet_0_clk (net)
                  0.04    0.00    0.20 ^ clkbuf_1_1__f_clk/A (sky130_fd_sc_hd__clkbuf_16)
                  0.03    0.11    0.32 ^ clkbuf_1_1__f_clk/X (sky130_fd_sc_hd__clkbuf_16)
     1    0.00                           clknet_1_1__leaf_clk (net)
                  0.03    0.00    0.32 ^ _10_/CLK (sky130_fd_sc_hd__dfxtp_2)
                  0.07    0.35    0.66 ^ _10_/Q (sky130_fd_sc_hd__dfxtp_2)
     2    0.01                           net4 (net)
                  0.07    0.00    0.66 ^ output4/A (sky130_fd_sc_hd__buf_6)
                  0.08    0.14    0.80 ^ output4/X (sky130_fd_sc_hd__buf_6)
     1    0.03                           y (net)
                  0.08    0.00    0.80 ^ y (out)
                                  0.80   data arrival time

                          1.00    1.00   clock clk (rise edge)
                          0.00    1.00   clock network delay (propagated)
                         -0.25    0.75   clock uncertainty
                          0.00    0.75   clock reconvergence pessimism
                         -0.20    0.55   output external delay
                                  0.55   data required time
-----------------------------------------------------------------------------
                                  0.55   data required time
                                 -0.80   data arrival time
-----------------------------------------------------------------------------
                                 -0.25   slack (VIOLATED)



======================= Fastest Corner ===================================

Startpoint: _10_ (rising edge-triggered flip-flop clocked by clk)
Endpoint: y (output port clocked by clk)
Path Group: clk
Path Type: max
Corner: ff

Fanout     Cap    Slew   Delay    Time   Description
-----------------------------------------------------------------------------
                          0.00    0.00   clock clk (rise edge)
                          0.00    0.00   clock source latency
                  0.06    0.04    0.04 ^ clk (in)
     1    0.02                           clk (net)
                  0.06    0.00    0.04 ^ clkbuf_0_clk/A (sky130_fd_sc_hd__clkbuf_16)
                  0.03    0.10    0.14 ^ clkbuf_0_clk/X (sky130_fd_sc_hd__clkbuf_16)
     2    0.02                           clknet_0_clk (net)
                  0.03    0.00    0.14 ^ clkbuf_1_1__f_clk/A (sky130_fd_sc_hd__clkbuf_16)
                  0.02    0.08    0.22 ^ clkbuf_1_1__f_clk/X (sky130_fd_sc_hd__clkbuf_16)
     1    0.00                           clknet_1_1__leaf_clk (net)
                  0.02    0.00    0.22 ^ _10_/CLK (sky130_fd_sc_hd__dfxtp_2)
                  0.05    0.22    0.44 ^ _10_/Q (sky130_fd_sc_hd__dfxtp_2)
     2    0.01                           net4 (net)
                  0.05    0.00    0.44 ^ output4/A (sky130_fd_sc_hd__buf_6)
                  0.06    0.09    0.53 ^ output4/X (sky130_fd_sc_hd__buf_6)
     1    0.03                           y (net)
                  0.06    0.00    0.53 ^ y (out)
                                  0.53   data arrival time

                          1.00    1.00   clock clk (rise edge)
                          0.00    1.00   clock network delay (propagated)
                         -0.25    0.75   clock uncertainty
                          0.00    0.75   clock reconvergence pessimism
                         -0.20    0.55   output external delay
                                  0.55   data required time
-----------------------------------------------------------------------------
                                  0.55   data required time
                                 -0.53   data arrival time
-----------------------------------------------------------------------------
                                  0.02   slack (MET)



===========================================================================
report_checks --slack_max -0.01
============================================================================

======================= Slowest Corner ===================================

Startpoint: _10_ (rising edge-triggered flip-flop clocked by clk)
Endpoint: _10_ (rising edge-triggered flip-flop clocked by clk)
Path Group: clk
Path Type: max
Corner: ss

Fanout     Cap    Slew   Delay    Time   Description
-----------------------------------------------------------------------------
                          0.00    0.00   clock clk (rise edge)
                          0.00    0.00   clock source latency
                  0.13    0.09    0.09 ^ clk (in)
     1    0.02                           clk (net)
                  0.13    0.00    0.09 ^ clkbuf_0_clk/A (sky130_fd_sc_hd__clkbuf_16)
                  0.07    0.26    0.35 ^ clkbuf_0_clk/X (sky130_fd_sc_hd__clkbuf_16)
     2    0.02                           clknet_0_clk (net)
                  0.07    0.00    0.35 ^ clkbuf_1_1__f_clk/A (sky130_fd_sc_hd__clkbuf_16)
                  0.05    0.20    0.55 ^ clkbuf_1_1__f_clk/X (sky130_fd_sc_hd__clkbuf_16)
     1    0.00                           clknet_1_1__leaf_clk (net)
                  0.05    0.00    0.55 ^ _10_/CLK (sky130_fd_sc_hd__dfxtp_2)
                  0.07    0.65    1.20 v _10_/Q (sky130_fd_sc_hd__dfxtp_2)
     2    0.01                           net4 (net)
                  0.07    0.00    1.20 v rebuffer1/A (sky130_fd_sc_hd__dlygate4sd1_1)
                  0.06    0.50    1.70 v rebuffer1/X (sky130_fd_sc_hd__dlygate4sd1_1)
     1    0.00                           net5 (net)
                  0.06    0.00    1.70 v _09_/A1 (sky130_fd_sc_hd__a21o_1)
                  0.06    0.29    1.99 v _09_/X (sky130_fd_sc_hd__a21o_1)
     1    0.00                           _00_ (net)
                  0.06    0.00    1.99 v _10_/D (sky130_fd_sc_hd__dfxtp_2)
                                  1.99   data arrival time

                          1.00    1.00   clock clk (rise edge)
                          0.00    1.00   clock source latency
                  0.13    0.08    1.08 ^ clk (in)
     1    0.02                           clk (net)
                  0.13    0.00    1.08 ^ clkbuf_0_clk/A (sky130_fd_sc_hd__clkbuf_16)
                  0.07    0.23    1.32 ^ clkbuf_0_clk/X (sky130_fd_sc_hd__clkbuf_16)
     2    0.02                           clknet_0_clk (net)
                  0.07    0.00    1.32 ^ clkbuf_1_1__f_clk/A (sky130_fd_sc_hd__clkbuf_16)
                  0.05    0.18    1.50 ^ clkbuf_1_1__f_clk/X (sky130_fd_sc_hd__clkbuf_16)
     1    0.00                           clknet_1_1__leaf_clk (net)
                  0.05    0.00    1.50 ^ _10_/CLK (sky130_fd_sc_hd__dfxtp_2)
                         -0.25    1.25   clock uncertainty
                          0.05    1.30   clock reconvergence pessimism
                         -0.28    1.03   library setup time
                                  1.03   data required time
-----------------------------------------------------------------------------
                                  1.03   data required time
                                 -1.99   data arrival time
-----------------------------------------------------------------------------
                                 -0.97   slack (VIOLATED)



======================= Typical Corner ===================================

Startpoint: _10_ (rising edge-triggered flip-flop clocked by clk)
Endpoint: y (output port clocked by clk)
Path Group: clk
Path Type: max
Corner: tt

Fanout     Cap    Slew   Delay    Time   Description
-----------------------------------------------------------------------------
                          0.00    0.00   clock clk (rise edge)
                          0.00    0.00   clock source latency
                  0.08    0.06    0.06 ^ clk (in)
     1    0.02                           clk (net)
                  0.08    0.00    0.06 ^ clkbuf_0_clk/A (sky130_fd_sc_hd__clkbuf_16)
                  0.04    0.14    0.20 ^ clkbuf_0_clk/X (sky130_fd_sc_hd__clkbuf_16)
     2    0.02                           clknet_0_clk (net)
                  0.04    0.00    0.20 ^ clkbuf_1_1__f_clk/A (sky130_fd_sc_hd__clkbuf_16)
                  0.03    0.11    0.32 ^ clkbuf_1_1__f_clk/X (sky130_fd_sc_hd__clkbuf_16)
     1    0.00                           clknet_1_1__leaf_clk (net)
                  0.03    0.00    0.32 ^ _10_/CLK (sky130_fd_sc_hd__dfxtp_2)
                  0.07    0.35    0.66 ^ _10_/Q (sky130_fd_sc_hd__dfxtp_2)
     2    0.01                           net4 (net)
                  0.07    0.00    0.66 ^ output4/A (sky130_fd_sc_hd__buf_6)
                  0.08    0.14    0.80 ^ output4/X (sky130_fd_sc_hd__buf_6)
     1    0.03                           y (net)
                  0.08    0.00    0.80 ^ y (out)
                                  0.80   data arrival time

                          1.00    1.00   clock clk (rise edge)
                          0.00    1.00   clock network delay (propagated)
                         -0.25    0.75   clock uncertainty
                          0.00    0.75   clock reconvergence pessimism
                         -0.20    0.55   output external delay
                                  0.55   data required time
-----------------------------------------------------------------------------
                                  0.55   data required time
                                 -0.80   data arrival time
-----------------------------------------------------------------------------
                                 -0.25   slack (VIOLATED)



======================= Fastest Corner ===================================

No paths found.
